#
# There is insufficient memory for the Java Runtime Environment to continue.
# Native memory allocation (mmap) failed to map 268435456 bytes for G1 virtual space
# Possible reasons:
#   The system is out of physical RAM or swap space
#   The process is running with CompressedOops enabled, and the Java Heap may be blocking the growth of the native heap
# Possible solutions:
#   Reduce memory load on the system
#   Increase physical memory or swap space
#   Check if swap backing store is full
#   Decrease Java heap size (-Xmx/-Xms)
#   Decrease number of Java threads
#   Decrease Java thread stack sizes (-Xss)
#   Set larger code cache with -XX:ReservedCodeCacheSize=
#   JVM is running with Zero Based Compressed Oops mode in which the Java heap is
#     placed in the first 32GB address space. The Java Heap base address is the
#     maximum limit for the native heap growth. Please use -XX:HeapBaseMinAddress
#     to set the Java Heap base and to place the Java Heap above 32GB virtual address.
# This output file may be truncated or incomplete.
#
#  Out of Memory Error (os_windows.cpp:3769), pid=2916, tid=4044
#
# JRE version:  (17.0.6) (build )
# Java VM: OpenJDK 64-Bit Server VM (17.0.6+0-b2043.56-9586694, mixed mode, sharing, tiered, compressed oops, compressed class ptrs, g1 gc, windows-amd64)
# No core dump will be written. Minidumps are not enabled by default on client versions of Windows
#

---------------  S U M M A R Y ------------

Command Line: 

Host: Intel(R) Core(TM) i7-2600 CPU @ 3.40GHz, 8 cores, 15G,  Windows 10 , 64 bit Build 19041 (10.0.19041.3031)
Time: Thu Jul 13 15:21:17 2023 India Standard Time elapsed time: 0.009387 seconds (0d 0h 0m 0s)

---------------  T H R E A D  ---------------

Current thread (0x00000257be84a0a0):  JavaThread "Unknown thread" [_thread_in_vm, id=4044, stack(0x00000089ecc00000,0x00000089ecd00000)]

Stack: [0x00000089ecc00000,0x00000089ecd00000]
Native frames: (J=compiled Java code, j=interpreted, Vv=VM code, C=native code)
V  [jvm.dll+0x683b4a]
V  [jvm.dll+0x842654]
V  [jvm.dll+0x843dfe]
V  [jvm.dll+0x844463]
V  [jvm.dll+0x249b75]
V  [jvm.dll+0x680a19]
V  [jvm.dll+0x674f0a]
V  [jvm.dll+0x309acb]
V  [jvm.dll+0x310f86]
V  [jvm.dll+0x3608ee]
V  [jvm.dll+0x360b1f]
V  [jvm.dll+0x2dfbf8]
V  [jvm.dll+0x2e0b64]
V  [jvm.dll+0x813f41]
V  [jvm.dll+0x36e6a1]
V  [jvm.dll+0x7f347c]
V  [jvm.dll+0x3f0e8f]
V  [jvm.dll+0x3f29d1]
C  [jli.dll+0x526b]
C  [ucrtbase.dll+0x21bb2]
C  [KERNEL32.DLL+0x17614]
C  [ntdll.dll+0x526f1]


---------------  P R O C E S S  ---------------

Threads class SMR info:
_java_thread_list=0x00007ff8738dc058, length=0, elements={
}

Java Threads: ( => current thread )

Other Threads:
  0x00000257be8b37b0 GCTaskThread "GC Thread#0" [stack: 0x00000089ecd00000,0x00000089ece00000] [id=12384]
  0x00000257be8c5650 ConcurrentGCThread "G1 Main Marker" [stack: 0x00000089ece00000,0x00000089ecf00000] [id=5184]
  0x00000257be8c6800 ConcurrentGCThread "G1 Conc#0" [stack: 0x00000089ecf00000,0x00000089ed000000] [id=3928]

[error occurred during error reporting (printing all threads), id 0xc0000005, EXCEPTION_ACCESS_VIOLATION (0xc0000005) at pc=0x00007ff873090797]

VM state: not at safepoint (not fully initialized)

VM Mutex/Monitor currently owned by a thread:  ([mutex/lock_event])
[0x00000257be8468c0] Heap_lock - owner thread: 0x00000257be84a0a0

Heap address: 0x0000000700a00000, size: 4086 MB, Compressed Oops mode: Zero based, Oop shift amount: 3

CDS archive(s) mapped at: [0x0000000000000000-0x0000000000000000-0x0000000000000000), size 0, SharedBaseAddress: 0x0000000800000000, ArchiveRelocationMode: 0.
Narrow klass base: 0x0000000000000000, Narrow klass shift: 0, Narrow klass range: 0x0

GC Precious Log:
<Empty>

Heap:
 garbage-first heap   total 0K, used 0K [0x0000000700a00000, 0x0000000800000000)
  region size 2048K, 0 young (0K), 0 survivors (0K)

[error occurred during error reporting (printing heap information), id 0xc0000005, EXCEPTION_ACCESS_VIOLATION (0xc0000005) at pc=0x00007ff87347d939]

GC Heap History (0 events):
No events

Dll operation events (1 events):
Event: 0.006 Loaded shared library C:\Program Files\Android\Android Studio1\jbr\bin\java.dll

Deoptimization events (0 events):
No events

Classes unloaded (0 events):
No events

Classes redefined (0 events):
No events

Internal exceptions (0 events):
No events

VM Operations (0 events):
No events

Events (0 events):
No events


Dynamic libraries:
0x00007ff7417c0000 - 0x00007ff7417ca000 	C:\Program Files\Android\Android Studio1\jbr\bin\java.EXE
0x00007ff8c1a10000 - 0x00007ff8c1c08000 	C:\Windows\SYSTEM32\ntdll.dll
0x00007ff8c1910000 - 0x00007ff8c19cf000 	C:\Windows\System32\KERNEL32.DLL
0x00007ff8bf6c0000 - 0x00007ff8bf9b6000 	C:\Windows\System32\KERNELBASE.dll
0x00007ff8bf3c0000 - 0x00007ff8bf4c0000 	C:\Windows\System32\ucrtbase.dll
0x00007ff8a9720000 - 0x00007ff8a9737000 	C:\Program Files\Android\Android Studio1\jbr\bin\jli.dll
0x00007ff8a9740000 - 0x00007ff8a975b000 	C:\Program Files\Android\Android Studio1\jbr\bin\VCRUNTIME140.dll
0x00007ff8c0ee0000 - 0x00007ff8c107d000 	C:\Windows\System32\USER32.dll
0x00007ff8bf260000 - 0x00007ff8bf282000 	C:\Windows\System32\win32u.dll
0x00007ff8af980000 - 0x00007ff8afc1a000 	C:\Windows\WinSxS\amd64_microsoft.windows.common-controls_6595b64144ccf1df_6.0.19041.1110_none_60b5254171f9507e\COMCTL32.dll
0x00007ff8c0a20000 - 0x00007ff8c0a4c000 	C:\Windows\System32\GDI32.dll
0x00007ff8c0d60000 - 0x00007ff8c0dfe000 	C:\Windows\System32\msvcrt.dll
0x00007ff8bf0f0000 - 0x00007ff8bf205000 	C:\Windows\System32\gdi32full.dll
0x00007ff8bf320000 - 0x00007ff8bf3bd000 	C:\Windows\System32\msvcp_win.dll
0x00007ff8c0eb0000 - 0x00007ff8c0ee0000 	C:\Windows\System32\IMM32.DLL
0x00007ff8b80d0000 - 0x00007ff8b80dc000 	C:\Program Files\Android\Android Studio1\jbr\bin\vcruntime140_1.dll
0x00007ff8a0ff0000 - 0x00007ff8a107d000 	C:\Program Files\Android\Android Studio1\jbr\bin\msvcp140.dll
0x00007ff872da0000 - 0x00007ff873a0d000 	C:\Program Files\Android\Android Studio1\jbr\bin\server\jvm.dll
0x00007ff8c0e00000 - 0x00007ff8c0eaf000 	C:\Windows\System32\ADVAPI32.dll
0x00007ff8bfa70000 - 0x00007ff8bfb0c000 	C:\Windows\System32\sechost.dll
0x00007ff8c0b40000 - 0x00007ff8c0c66000 	C:\Windows\System32\RPCRT4.dll
0x00007ff8ac970000 - 0x00007ff8ac997000 	C:\Windows\SYSTEM32\WINMM.dll
0x00007ff8ba6e0000 - 0x00007ff8ba6e9000 	C:\Windows\SYSTEM32\WSOCK32.dll
0x00007ff8baae0000 - 0x00007ff8baaea000 	C:\Windows\SYSTEM32\VERSION.dll
0x00007ff8bfb10000 - 0x00007ff8bfb7b000 	C:\Windows\System32\WS2_32.dll
0x00007ff8bcee0000 - 0x00007ff8bcef2000 	C:\Windows\SYSTEM32\kernel.appcore.dll
0x00007ff8b6740000 - 0x00007ff8b674a000 	C:\Program Files\Android\Android Studio1\jbr\bin\jimage.dll
0x00007ff8b2890000 - 0x00007ff8b2a74000 	C:\Windows\SYSTEM32\DBGHELP.DLL
0x00007ff8b1570000 - 0x00007ff8b15a4000 	C:\Windows\SYSTEM32\dbgcore.DLL
0x00007ff8bf290000 - 0x00007ff8bf312000 	C:\Windows\System32\bcryptPrimitives.dll
0x00007ff8aa630000 - 0x00007ff8aa655000 	C:\Program Files\Android\Android Studio1\jbr\bin\java.dll

dbghelp: loaded successfully - version: 4.0.5 - missing functions: none
symbol engine: initialized successfully - sym options: 0x614 - pdb path: .;C:\Program Files\Android\Android Studio1\jbr\bin;C:\Windows\SYSTEM32;C:\Windows\WinSxS\amd64_microsoft.windows.common-controls_6595b64144ccf1df_6.0.19041.1110_none_60b5254171f9507e;C:\Program Files\Android\Android Studio1\jbr\bin\server

VM Arguments:
java_command: <unknown>
java_class_path (initial): <not set>
Launcher Type: SUN_STANDARD

[Global flags]
     intx CICompilerCount                          = 4                                         {product} {ergonomic}
     uint ConcGCThreads                            = 2                                         {product} {ergonomic}
     uint G1ConcRefinementThreads                  = 8                                         {product} {ergonomic}
   size_t G1HeapRegionSize                         = 2097152                                   {product} {ergonomic}
    uintx GCDrainStackTargetSize                   = 64                                        {product} {ergonomic}
   size_t InitialHeapSize                          = 268435456                                 {product} {ergonomic}
   size_t MarkStackSize                            = 4194304                                   {product} {ergonomic}
   size_t MaxHeapSize                              = 4284481536                                {product} {ergonomic}
   size_t MinHeapDeltaBytes                        = 2097152                                   {product} {ergonomic}
   size_t MinHeapSize                              = 8388608                                   {product} {ergonomic}
    uintx NonNMethodCodeHeapSize                   = 5839372                                {pd product} {ergonomic}
    uintx NonProfiledCodeHeapSize                  = 122909434                              {pd product} {ergonomic}
    uintx ProfiledCodeHeapSize                     = 122909434                              {pd product} {ergonomic}
    uintx ReservedCodeCacheSize                    = 251658240                              {pd product} {ergonomic}
     bool SegmentedCodeCache                       = true                                      {product} {ergonomic}
   size_t SoftMaxHeapSize                          = 4284481536                             {manageable} {ergonomic}
     bool UseCompressedClassPointers               = true                           {product lp64_product} {ergonomic}
     bool UseCompressedOops                        = true                           {product lp64_product} {ergonomic}
     bool UseG1GC                                  = true                                      {product} {ergonomic}
     bool UseLargePagesIndividualAllocation        = false                                  {pd product} {ergonomic}

Logging:
Log output configuration:
 #0: stdout all=warning uptime,level,tags
 #1: stderr all=off uptime,level,tags

Environment Variables:
JAVA_HOME=C:\Program Files\Android\Android Studio1\jbr
PATH=C:\Windows\system32;C:\Windows;C:\Windows\System32\Wbem;C:\Windows\System32\WindowsPowerShell\v1.0\;C:\Windows\System32\OpenSSH\;D:\flutter SDK\flutter\bin;C:\Users\Admin\AppData\Local\Microsoft\WindowsApps;D:\flutter\bin;;D:\flutter\bin\mingit\cmd
USERNAME=Admin
OS=Windows_NT
PROCESSOR_IDENTIFIER=Intel64 Family 6 Model 42 Stepping 7, GenuineIntel
TMP=C:\Users\Admin\AppData\Local\Temp
TEMP=C:\Users\Admin\AppData\Local\Temp



---------------  S Y S T E M  ---------------

OS:
 Windows 10 , 64 bit Build 19041 (10.0.19041.3031)
OS uptime: 1 days 0:11 hours

CPU: total 8 (initial active 8) (4 cores per cpu, 2 threads per core) family 6 model 42 stepping 7 microcode 0x2f, cx8, cmov, fxsr, ht, mmx, sse, sse2, sse3, ssse3, sse4.1, sse4.2, popcnt, tsc, tscinvbit, avx, aes, clmul, vzeroupper, clflush

Memory: 4k page, system-wide physical 16342M (2314M free)
TotalPageFile size 29136M (AvailPageFile size 219M)
current process WorkingSet (physical memory assigned to process): 10M, peak: 10M
current process commit charge ("private bytes"): 60M, peak: 316M

vm_info: OpenJDK 64-Bit Server VM (17.0.6+0-b2043.56-9586694) for windows-amd64 JRE (17.0.6+0-b2043.56-9586694), built on Feb  9 2023 20:06:20 by "androidbuild" with MS VC++ 16.10 / 16.11 (VS2019)

END.
